<?xml version="1.0" encoding="UTF-8"?>
<testsuite xmlns:xsi="http://www.w3.org/2001/XMLSchema-instance" xsi:noNamespaceSchemaLocation="https://maven.apache.org/surefire/maven-surefire-plugin/xsd/surefire-test-report-3.0.xsd" version="3.0" name="com.fundoffice.demo.FundOffDemoApplicationTests" time="6.867" tests="1" errors="0" skipped="0" failures="0">
  <properties>
    <property name="java.specification.version" value="17"/>
    <property name="sun.cpu.isalist" value="amd64"/>
    <property name="sun.jnu.encoding" value="Cp1252"/>
    <property name="java.class.path" value="D:\wk5_drools\fund_off_demo\target\test-classes;D:\wk5_drools\fund_off_demo\target\classes;C:\Users\LSIT175\.m2\repository\org\springframework\boot\spring-boot-starter-web\3.3.1\spring-boot-starter-web-3.3.1.jar;C:\Users\LSIT175\.m2\repository\org\springframework\boot\spring-boot-starter\3.3.1\spring-boot-starter-3.3.1.jar;C:\Users\LSIT175\.m2\repository\org\springframework\boot\spring-boot\3.3.1\spring-boot-3.3.1.jar;C:\Users\LSIT175\.m2\repository\org\springframework\boot\spring-boot-autoconfigure\3.3.1\spring-boot-autoconfigure-3.3.1.jar;C:\Users\LSIT175\.m2\repository\org\springframework\boot\spring-boot-starter-logging\3.3.1\spring-boot-starter-logging-3.3.1.jar;C:\Users\LSIT175\.m2\repository\ch\qos\logback\logback-classic\1.5.6\logback-classic-1.5.6.jar;C:\Users\LSIT175\.m2\repository\ch\qos\logback\logback-core\1.5.6\logback-core-1.5.6.jar;C:\Users\LSIT175\.m2\repository\org\apache\logging\log4j\log4j-to-slf4j\2.23.1\log4j-to-slf4j-2.23.1.jar;C:\Users\LSIT175\.m2\repository\org\slf4j\jul-to-slf4j\2.0.13\jul-to-slf4j-2.0.13.jar;C:\Users\LSIT175\.m2\repository\jakarta\annotation\jakarta.annotation-api\2.1.1\jakarta.annotation-api-2.1.1.jar;C:\Users\LSIT175\.m2\repository\org\yaml\snakeyaml\2.2\snakeyaml-2.2.jar;C:\Users\LSIT175\.m2\repository\org\springframework\boot\spring-boot-starter-json\3.3.1\spring-boot-starter-json-3.3.1.jar;C:\Users\LSIT175\.m2\repository\com\fasterxml\jackson\core\jackson-databind\2.17.1\jackson-databind-2.17.1.jar;C:\Users\LSIT175\.m2\repository\com\fasterxml\jackson\core\jackson-annotations\2.17.1\jackson-annotations-2.17.1.jar;C:\Users\LSIT175\.m2\repository\com\fasterxml\jackson\core\jackson-core\2.17.1\jackson-core-2.17.1.jar;C:\Users\LSIT175\.m2\repository\com\fasterxml\jackson\datatype\jackson-datatype-jdk8\2.17.1\jackson-datatype-jdk8-2.17.1.jar;C:\Users\LSIT175\.m2\repository\com\fasterxml\jackson\datatype\jackson-datatype-jsr310\2.17.1\jackson-datatype-jsr310-2.17.1.jar;C:\Users\LSIT175\.m2\repository\com\fasterxml\jackson\module\jackson-module-parameter-names\2.17.1\jackson-module-parameter-names-2.17.1.jar;C:\Users\LSIT175\.m2\repository\org\springframework\boot\spring-boot-starter-tomcat\3.3.1\spring-boot-starter-tomcat-3.3.1.jar;C:\Users\LSIT175\.m2\repository\org\apache\tomcat\embed\tomcat-embed-core\10.1.25\tomcat-embed-core-10.1.25.jar;C:\Users\LSIT175\.m2\repository\org\apache\tomcat\embed\tomcat-embed-el\10.1.25\tomcat-embed-el-10.1.25.jar;C:\Users\LSIT175\.m2\repository\org\apache\tomcat\embed\tomcat-embed-websocket\10.1.25\tomcat-embed-websocket-10.1.25.jar;C:\Users\LSIT175\.m2\repository\org\springframework\spring-web\6.1.10\spring-web-6.1.10.jar;C:\Users\LSIT175\.m2\repository\org\springframework\spring-beans\6.1.10\spring-beans-6.1.10.jar;C:\Users\LSIT175\.m2\repository\io\micrometer\micrometer-observation\1.13.1\micrometer-observation-1.13.1.jar;C:\Users\LSIT175\.m2\repository\io\micrometer\micrometer-commons\1.13.1\micrometer-commons-1.13.1.jar;C:\Users\LSIT175\.m2\repository\org\springframework\spring-webmvc\6.1.10\spring-webmvc-6.1.10.jar;C:\Users\LSIT175\.m2\repository\org\springframework\spring-aop\6.1.10\spring-aop-6.1.10.jar;C:\Users\LSIT175\.m2\repository\org\springframework\spring-context\6.1.10\spring-context-6.1.10.jar;C:\Users\LSIT175\.m2\repository\org\springframework\spring-expression\6.1.10\spring-expression-6.1.10.jar;C:\Users\LSIT175\.m2\repository\org\projectlombok\lombok\1.18.32\lombok-1.18.32.jar;C:\Users\LSIT175\.m2\repository\org\springframework\boot\spring-boot-starter-test\3.3.1\spring-boot-starter-test-3.3.1.jar;C:\Users\LSIT175\.m2\repository\org\springframework\boot\spring-boot-test\3.3.1\spring-boot-test-3.3.1.jar;C:\Users\LSIT175\.m2\repository\org\springframework\boot\spring-boot-test-autoconfigure\3.3.1\spring-boot-test-autoconfigure-3.3.1.jar;C:\Users\LSIT175\.m2\repository\com\jayway\jsonpath\json-path\2.9.0\json-path-2.9.0.jar;C:\Users\LSIT175\.m2\repository\jakarta\xml\bind\jakarta.xml.bind-api\4.0.2\jakarta.xml.bind-api-4.0.2.jar;C:\Users\LSIT175\.m2\repository\jakarta\activation\jakarta.activation-api\2.1.3\jakarta.activation-api-2.1.3.jar;C:\Users\LSIT175\.m2\repository\net\minidev\json-smart\2.5.1\json-smart-2.5.1.jar;C:\Users\LSIT175\.m2\repository\net\minidev\accessors-smart\2.5.1\accessors-smart-2.5.1.jar;C:\Users\LSIT175\.m2\repository\org\ow2\asm\asm\9.6\asm-9.6.jar;C:\Users\LSIT175\.m2\repository\org\assertj\assertj-core\3.25.3\assertj-core-3.25.3.jar;C:\Users\LSIT175\.m2\repository\net\bytebuddy\byte-buddy\1.14.17\byte-buddy-1.14.17.jar;C:\Users\LSIT175\.m2\repository\org\awaitility\awaitility\4.2.1\awaitility-4.2.1.jar;C:\Users\LSIT175\.m2\repository\org\hamcrest\hamcrest\2.2\hamcrest-2.2.jar;C:\Users\LSIT175\.m2\repository\org\junit\jupiter\junit-jupiter\5.10.2\junit-jupiter-5.10.2.jar;C:\Users\LSIT175\.m2\repository\org\junit\jupiter\junit-jupiter-api\5.10.2\junit-jupiter-api-5.10.2.jar;C:\Users\LSIT175\.m2\repository\org\opentest4j\opentest4j\1.3.0\opentest4j-1.3.0.jar;C:\Users\LSIT175\.m2\repository\org\junit\platform\junit-platform-commons\1.10.2\junit-platform-commons-1.10.2.jar;C:\Users\LSIT175\.m2\repository\org\apiguardian\apiguardian-api\1.1.2\apiguardian-api-1.1.2.jar;C:\Users\LSIT175\.m2\repository\org\junit\jupiter\junit-jupiter-params\5.10.2\junit-jupiter-params-5.10.2.jar;C:\Users\LSIT175\.m2\repository\org\junit\jupiter\junit-jupiter-engine\5.10.2\junit-jupiter-engine-5.10.2.jar;C:\Users\LSIT175\.m2\repository\org\junit\platform\junit-platform-engine\1.10.2\junit-platform-engine-1.10.2.jar;C:\Users\LSIT175\.m2\repository\org\mockito\mockito-core\5.11.0\mockito-core-5.11.0.jar;C:\Users\LSIT175\.m2\repository\net\bytebuddy\byte-buddy-agent\1.14.17\byte-buddy-agent-1.14.17.jar;C:\Users\LSIT175\.m2\repository\org\objenesis\objenesis\3.3\objenesis-3.3.jar;C:\Users\LSIT175\.m2\repository\org\mockito\mockito-junit-jupiter\5.11.0\mockito-junit-jupiter-5.11.0.jar;C:\Users\LSIT175\.m2\repository\org\skyscreamer\jsonassert\1.5.1\jsonassert-1.5.1.jar;C:\Users\LSIT175\.m2\repository\com\vaadin\external\google\android-json\0.0.20131108.vaadin1\android-json-0.0.20131108.vaadin1.jar;C:\Users\LSIT175\.m2\repository\org\springframework\spring-core\6.1.10\spring-core-6.1.10.jar;C:\Users\LSIT175\.m2\repository\org\springframework\spring-jcl\6.1.10\spring-jcl-6.1.10.jar;C:\Users\LSIT175\.m2\repository\org\springframework\spring-test\6.1.10\spring-test-6.1.10.jar;C:\Users\LSIT175\.m2\repository\org\xmlunit\xmlunit-core\2.9.1\xmlunit-core-2.9.1.jar;C:\Users\LSIT175\.m2\repository\org\drools\drools-core\9.44.0.Final\drools-core-9.44.0.Final.jar;C:\Users\LSIT175\.m2\repository\org\kie\kie-api\9.44.0.Final\kie-api-9.44.0.Final.jar;C:\Users\LSIT175\.m2\repository\org\kie\kie-internal\9.44.0.Final\kie-internal-9.44.0.Final.jar;C:\Users\LSIT175\.m2\repository\org\kie\kie-util-xml\9.44.0.Final\kie-util-xml-9.44.0.Final.jar;C:\Users\LSIT175\.m2\repository\org\drools\drools-wiring-api\9.44.0.Final\drools-wiring-api-9.44.0.Final.jar;C:\Users\LSIT175\.m2\repository\org\drools\drools-base\9.44.0.Final\drools-base-9.44.0.Final.jar;C:\Users\LSIT175\.m2\repository\org\drools\drools-wiring-static\9.44.0.Final\drools-wiring-static-9.44.0.Final.jar;C:\Users\LSIT175\.m2\repository\org\drools\drools-io\9.44.0.Final\drools-io-9.44.0.Final.jar;C:\Users\LSIT175\.m2\repository\org\slf4j\slf4j-api\2.0.13\slf4j-api-2.0.13.jar;C:\Users\LSIT175\.m2\repository\commons-codec\commons-codec\1.16.1\commons-codec-1.16.1.jar;C:\Users\LSIT175\.m2\repository\org\drools\drools-compiler\9.44.0.Final\drools-compiler-9.44.0.Final.jar;C:\Users\LSIT175\.m2\repository\org\drools\drools-drl-parser\9.44.0.Final\drools-drl-parser-9.44.0.Final.jar;C:\Users\LSIT175\.m2\repository\org\drools\drools-drl-extensions\9.44.0.Final\drools-drl-extensions-9.44.0.Final.jar;C:\Users\LSIT175\.m2\repository\org\drools\drools-drl-ast\9.44.0.Final\drools-drl-ast-9.44.0.Final.jar;C:\Users\LSIT175\.m2\repository\org\drools\drools-kiesession\9.44.0.Final\drools-kiesession-9.44.0.Final.jar;C:\Users\LSIT175\.m2\repository\org\kie\kie-memory-compiler\9.44.0.Final\kie-memory-compiler-9.44.0.Final.jar;C:\Users\LSIT175\.m2\repository\org\drools\drools-ecj\9.44.0.Final\drools-ecj-9.44.0.Final.jar;C:\Users\LSIT175\.m2\repository\org\eclipse\jdt\ecj\3.33.0\ecj-3.33.0.jar;C:\Users\LSIT175\.m2\repository\org\kie\kie-util-maven-support\9.44.0.Final\kie-util-maven-support-9.44.0.Final.jar;C:\Users\LSIT175\.m2\repository\org\antlr\antlr-runtime\3.5.2\antlr-runtime-3.5.2.jar;C:\Users\LSIT175\.m2\repository\org\drools\drools-decisiontables\9.44.0.Final\drools-decisiontables-9.44.0.Final.jar;C:\Users\LSIT175\.m2\repository\org\apache\poi\poi-ooxml\5.1.0\poi-ooxml-5.1.0.jar;C:\Users\LSIT175\.m2\repository\org\apache\poi\poi-ooxml-lite\5.1.0\poi-ooxml-lite-5.1.0.jar;C:\Users\LSIT175\.m2\repository\org\apache\xmlbeans\xmlbeans\5.0.2\xmlbeans-5.0.2.jar;C:\Users\LSIT175\.m2\repository\org\apache\commons\commons-compress\1.21\commons-compress-1.21.jar;C:\Users\LSIT175\.m2\repository\commons-io\commons-io\2.11.0\commons-io-2.11.0.jar;C:\Users\LSIT175\.m2\repository\com\github\virtuald\curvesapi\1.06\curvesapi-1.06.jar;C:\Users\LSIT175\.m2\repository\org\apache\logging\log4j\log4j-api\2.23.1\log4j-api-2.23.1.jar;C:\Users\LSIT175\.m2\repository\org\apache\commons\commons-collections4\4.4\commons-collections4-4.4.jar;C:\Users\LSIT175\.m2\repository\org\apache\poi\poi\5.1.0\poi-5.1.0.jar;C:\Users\LSIT175\.m2\repository\org\apache\commons\commons-math3\3.6.1\commons-math3-3.6.1.jar;C:\Users\LSIT175\.m2\repository\com\zaxxer\SparseBitSet\1.2\SparseBitSet-1.2.jar;C:\Users\LSIT175\.m2\repository\org\drools\drools-templates\9.44.0.Final\drools-templates-9.44.0.Final.jar;C:\Users\LSIT175\.m2\repository\org\drools\drools-util\9.44.0.Final\drools-util-9.44.0.Final.jar;C:\Users\LSIT175\.m2\repository\org\mvel\mvel2\2.5.0.Final\mvel2-2.5.0.Final.jar;C:\Users\LSIT175\.m2\repository\org\drools\drools-mvel\9.44.0.Final\drools-mvel-9.44.0.Final.jar;C:\Users\LSIT175\.m2\repository\org\drools\drools-wiring-dynamic\9.44.0.Final\drools-wiring-dynamic-9.44.0.Final.jar;"/>
    <property name="java.vm.vendor" value="Eclipse Adoptium"/>
    <property name="sun.arch.data.model" value="64"/>
    <property name="user.variant" value=""/>
    <property name="java.vendor.url" value="https://adoptium.net/"/>
    <property name="user.timezone" value="Asia/Calcutta"/>
    <property name="os.name" value="Windows 10"/>
    <property name="java.vm.specification.version" value="17"/>
    <property name="sun.java.launcher" value="SUN_STANDARD"/>
    <property name="user.country" value="US"/>
    <property name="sun.boot.library.path" value="C:\Users\LSIT175\Downloads\sts-4.18.0.RELEASE\plugins\org.eclipse.justj.openjdk.hotspot.jre.full.win32.x86_64_17.0.6.v20230204-1729\jre\bin"/>
    <property name="sun.java.command" value="C:\Users\LSIT175\AppData\Local\Temp\surefire14693598858599180381\surefirebooter-20240719122601385_3.jar C:\Users\LSIT175\AppData\Local\Temp\surefire14693598858599180381 2024-07-19T12-26-00_968-jvmRun1 surefire-20240719122601385_1tmp surefire_0-20240719122601385_2tmp"/>
    <property name="jdk.debug" value="release"/>
    <property name="surefire.test.class.path" value="D:\wk5_drools\fund_off_demo\target\test-classes;D:\wk5_drools\fund_off_demo\target\classes;C:\Users\LSIT175\.m2\repository\org\springframework\boot\spring-boot-starter-web\3.3.1\spring-boot-starter-web-3.3.1.jar;C:\Users\LSIT175\.m2\repository\org\springframework\boot\spring-boot-starter\3.3.1\spring-boot-starter-3.3.1.jar;C:\Users\LSIT175\.m2\repository\org\springframework\boot\spring-boot\3.3.1\spring-boot-3.3.1.jar;C:\Users\LSIT175\.m2\repository\org\springframework\boot\spring-boot-autoconfigure\3.3.1\spring-boot-autoconfigure-3.3.1.jar;C:\Users\LSIT175\.m2\repository\org\springframework\boot\spring-boot-starter-logging\3.3.1\spring-boot-starter-logging-3.3.1.jar;C:\Users\LSIT175\.m2\repository\ch\qos\logback\logback-classic\1.5.6\logback-classic-1.5.6.jar;C:\Users\LSIT175\.m2\repository\ch\qos\logback\logback-core\1.5.6\logback-core-1.5.6.jar;C:\Users\LSIT175\.m2\repository\org\apache\logging\log4j\log4j-to-slf4j\2.23.1\log4j-to-slf4j-2.23.1.jar;C:\Users\LSIT175\.m2\repository\org\slf4j\jul-to-slf4j\2.0.13\jul-to-slf4j-2.0.13.jar;C:\Users\LSIT175\.m2\repository\jakarta\annotation\jakarta.annotation-api\2.1.1\jakarta.annotation-api-2.1.1.jar;C:\Users\LSIT175\.m2\repository\org\yaml\snakeyaml\2.2\snakeyaml-2.2.jar;C:\Users\LSIT175\.m2\repository\org\springframework\boot\spring-boot-starter-json\3.3.1\spring-boot-starter-json-3.3.1.jar;C:\Users\LSIT175\.m2\repository\com\fasterxml\jackson\core\jackson-databind\2.17.1\jackson-databind-2.17.1.jar;C:\Users\LSIT175\.m2\repository\com\fasterxml\jackson\core\jackson-annotations\2.17.1\jackson-annotations-2.17.1.jar;C:\Users\LSIT175\.m2\repository\com\fasterxml\jackson\core\jackson-core\2.17.1\jackson-core-2.17.1.jar;C:\Users\LSIT175\.m2\repository\com\fasterxml\jackson\datatype\jackson-datatype-jdk8\2.17.1\jackson-datatype-jdk8-2.17.1.jar;C:\Users\LSIT175\.m2\repository\com\fasterxml\jackson\datatype\jackson-datatype-jsr310\2.17.1\jackson-datatype-jsr310-2.17.1.jar;C:\Users\LSIT175\.m2\repository\com\fasterxml\jackson\module\jackson-module-parameter-names\2.17.1\jackson-module-parameter-names-2.17.1.jar;C:\Users\LSIT175\.m2\repository\org\springframework\boot\spring-boot-starter-tomcat\3.3.1\spring-boot-starter-tomcat-3.3.1.jar;C:\Users\LSIT175\.m2\repository\org\apache\tomcat\embed\tomcat-embed-core\10.1.25\tomcat-embed-core-10.1.25.jar;C:\Users\LSIT175\.m2\repository\org\apache\tomcat\embed\tomcat-embed-el\10.1.25\tomcat-embed-el-10.1.25.jar;C:\Users\LSIT175\.m2\repository\org\apache\tomcat\embed\tomcat-embed-websocket\10.1.25\tomcat-embed-websocket-10.1.25.jar;C:\Users\LSIT175\.m2\repository\org\springframework\spring-web\6.1.10\spring-web-6.1.10.jar;C:\Users\LSIT175\.m2\repository\org\springframework\spring-beans\6.1.10\spring-beans-6.1.10.jar;C:\Users\LSIT175\.m2\repository\io\micrometer\micrometer-observation\1.13.1\micrometer-observation-1.13.1.jar;C:\Users\LSIT175\.m2\repository\io\micrometer\micrometer-commons\1.13.1\micrometer-commons-1.13.1.jar;C:\Users\LSIT175\.m2\repository\org\springframework\spring-webmvc\6.1.10\spring-webmvc-6.1.10.jar;C:\Users\LSIT175\.m2\repository\org\springframework\spring-aop\6.1.10\spring-aop-6.1.10.jar;C:\Users\LSIT175\.m2\repository\org\springframework\spring-context\6.1.10\spring-context-6.1.10.jar;C:\Users\LSIT175\.m2\repository\org\springframework\spring-expression\6.1.10\spring-expression-6.1.10.jar;C:\Users\LSIT175\.m2\repository\org\projectlombok\lombok\1.18.32\lombok-1.18.32.jar;C:\Users\LSIT175\.m2\repository\org\springframework\boot\spring-boot-starter-test\3.3.1\spring-boot-starter-test-3.3.1.jar;C:\Users\LSIT175\.m2\repository\org\springframework\boot\spring-boot-test\3.3.1\spring-boot-test-3.3.1.jar;C:\Users\LSIT175\.m2\repository\org\springframework\boot\spring-boot-test-autoconfigure\3.3.1\spring-boot-test-autoconfigure-3.3.1.jar;C:\Users\LSIT175\.m2\repository\com\jayway\jsonpath\json-path\2.9.0\json-path-2.9.0.jar;C:\Users\LSIT175\.m2\repository\jakarta\xml\bind\jakarta.xml.bind-api\4.0.2\jakarta.xml.bind-api-4.0.2.jar;C:\Users\LSIT175\.m2\repository\jakarta\activation\jakarta.activation-api\2.1.3\jakarta.activation-api-2.1.3.jar;C:\Users\LSIT175\.m2\repository\net\minidev\json-smart\2.5.1\json-smart-2.5.1.jar;C:\Users\LSIT175\.m2\repository\net\minidev\accessors-smart\2.5.1\accessors-smart-2.5.1.jar;C:\Users\LSIT175\.m2\repository\org\ow2\asm\asm\9.6\asm-9.6.jar;C:\Users\LSIT175\.m2\repository\org\assertj\assertj-core\3.25.3\assertj-core-3.25.3.jar;C:\Users\LSIT175\.m2\repository\net\bytebuddy\byte-buddy\1.14.17\byte-buddy-1.14.17.jar;C:\Users\LSIT175\.m2\repository\org\awaitility\awaitility\4.2.1\awaitility-4.2.1.jar;C:\Users\LSIT175\.m2\repository\org\hamcrest\hamcrest\2.2\hamcrest-2.2.jar;C:\Users\LSIT175\.m2\repository\org\junit\jupiter\junit-jupiter\5.10.2\junit-jupiter-5.10.2.jar;C:\Users\LSIT175\.m2\repository\org\junit\jupiter\junit-jupiter-api\5.10.2\junit-jupiter-api-5.10.2.jar;C:\Users\LSIT175\.m2\repository\org\opentest4j\opentest4j\1.3.0\opentest4j-1.3.0.jar;C:\Users\LSIT175\.m2\repository\org\junit\platform\junit-platform-commons\1.10.2\junit-platform-commons-1.10.2.jar;C:\Users\LSIT175\.m2\repository\org\apiguardian\apiguardian-api\1.1.2\apiguardian-api-1.1.2.jar;C:\Users\LSIT175\.m2\repository\org\junit\jupiter\junit-jupiter-params\5.10.2\junit-jupiter-params-5.10.2.jar;C:\Users\LSIT175\.m2\repository\org\junit\jupiter\junit-jupiter-engine\5.10.2\junit-jupiter-engine-5.10.2.jar;C:\Users\LSIT175\.m2\repository\org\junit\platform\junit-platform-engine\1.10.2\junit-platform-engine-1.10.2.jar;C:\Users\LSIT175\.m2\repository\org\mockito\mockito-core\5.11.0\mockito-core-5.11.0.jar;C:\Users\LSIT175\.m2\repository\net\bytebuddy\byte-buddy-agent\1.14.17\byte-buddy-agent-1.14.17.jar;C:\Users\LSIT175\.m2\repository\org\objenesis\objenesis\3.3\objenesis-3.3.jar;C:\Users\LSIT175\.m2\repository\org\mockito\mockito-junit-jupiter\5.11.0\mockito-junit-jupiter-5.11.0.jar;C:\Users\LSIT175\.m2\repository\org\skyscreamer\jsonassert\1.5.1\jsonassert-1.5.1.jar;C:\Users\LSIT175\.m2\repository\com\vaadin\external\google\android-json\0.0.20131108.vaadin1\android-json-0.0.20131108.vaadin1.jar;C:\Users\LSIT175\.m2\repository\org\springframework\spring-core\6.1.10\spring-core-6.1.10.jar;C:\Users\LSIT175\.m2\repository\org\springframework\spring-jcl\6.1.10\spring-jcl-6.1.10.jar;C:\Users\LSIT175\.m2\repository\org\springframework\spring-test\6.1.10\spring-test-6.1.10.jar;C:\Users\LSIT175\.m2\repository\org\xmlunit\xmlunit-core\2.9.1\xmlunit-core-2.9.1.jar;C:\Users\LSIT175\.m2\repository\org\drools\drools-core\9.44.0.Final\drools-core-9.44.0.Final.jar;C:\Users\LSIT175\.m2\repository\org\kie\kie-api\9.44.0.Final\kie-api-9.44.0.Final.jar;C:\Users\LSIT175\.m2\repository\org\kie\kie-internal\9.44.0.Final\kie-internal-9.44.0.Final.jar;C:\Users\LSIT175\.m2\repository\org\kie\kie-util-xml\9.44.0.Final\kie-util-xml-9.44.0.Final.jar;C:\Users\LSIT175\.m2\repository\org\drools\drools-wiring-api\9.44.0.Final\drools-wiring-api-9.44.0.Final.jar;C:\Users\LSIT175\.m2\repository\org\drools\drools-base\9.44.0.Final\drools-base-9.44.0.Final.jar;C:\Users\LSIT175\.m2\repository\org\drools\drools-wiring-static\9.44.0.Final\drools-wiring-static-9.44.0.Final.jar;C:\Users\LSIT175\.m2\repository\org\drools\drools-io\9.44.0.Final\drools-io-9.44.0.Final.jar;C:\Users\LSIT175\.m2\repository\org\slf4j\slf4j-api\2.0.13\slf4j-api-2.0.13.jar;C:\Users\LSIT175\.m2\repository\commons-codec\commons-codec\1.16.1\commons-codec-1.16.1.jar;C:\Users\LSIT175\.m2\repository\org\drools\drools-compiler\9.44.0.Final\drools-compiler-9.44.0.Final.jar;C:\Users\LSIT175\.m2\repository\org\drools\drools-drl-parser\9.44.0.Final\drools-drl-parser-9.44.0.Final.jar;C:\Users\LSIT175\.m2\repository\org\drools\drools-drl-extensions\9.44.0.Final\drools-drl-extensions-9.44.0.Final.jar;C:\Users\LSIT175\.m2\repository\org\drools\drools-drl-ast\9.44.0.Final\drools-drl-ast-9.44.0.Final.jar;C:\Users\LSIT175\.m2\repository\org\drools\drools-kiesession\9.44.0.Final\drools-kiesession-9.44.0.Final.jar;C:\Users\LSIT175\.m2\repository\org\kie\kie-memory-compiler\9.44.0.Final\kie-memory-compiler-9.44.0.Final.jar;C:\Users\LSIT175\.m2\repository\org\drools\drools-ecj\9.44.0.Final\drools-ecj-9.44.0.Final.jar;C:\Users\LSIT175\.m2\repository\org\eclipse\jdt\ecj\3.33.0\ecj-3.33.0.jar;C:\Users\LSIT175\.m2\repository\org\kie\kie-util-maven-support\9.44.0.Final\kie-util-maven-support-9.44.0.Final.jar;C:\Users\LSIT175\.m2\repository\org\antlr\antlr-runtime\3.5.2\antlr-runtime-3.5.2.jar;C:\Users\LSIT175\.m2\repository\org\drools\drools-decisiontables\9.44.0.Final\drools-decisiontables-9.44.0.Final.jar;C:\Users\LSIT175\.m2\repository\org\apache\poi\poi-ooxml\5.1.0\poi-ooxml-5.1.0.jar;C:\Users\LSIT175\.m2\repository\org\apache\poi\poi-ooxml-lite\5.1.0\poi-ooxml-lite-5.1.0.jar;C:\Users\LSIT175\.m2\repository\org\apache\xmlbeans\xmlbeans\5.0.2\xmlbeans-5.0.2.jar;C:\Users\LSIT175\.m2\repository\org\apache\commons\commons-compress\1.21\commons-compress-1.21.jar;C:\Users\LSIT175\.m2\repository\commons-io\commons-io\2.11.0\commons-io-2.11.0.jar;C:\Users\LSIT175\.m2\repository\com\github\virtuald\curvesapi\1.06\curvesapi-1.06.jar;C:\Users\LSIT175\.m2\repository\org\apache\logging\log4j\log4j-api\2.23.1\log4j-api-2.23.1.jar;C:\Users\LSIT175\.m2\repository\org\apache\commons\commons-collections4\4.4\commons-collections4-4.4.jar;C:\Users\LSIT175\.m2\repository\org\apache\poi\poi\5.1.0\poi-5.1.0.jar;C:\Users\LSIT175\.m2\repository\org\apache\commons\commons-math3\3.6.1\commons-math3-3.6.1.jar;C:\Users\LSIT175\.m2\repository\com\zaxxer\SparseBitSet\1.2\SparseBitSet-1.2.jar;C:\Users\LSIT175\.m2\repository\org\drools\drools-templates\9.44.0.Final\drools-templates-9.44.0.Final.jar;C:\Users\LSIT175\.m2\repository\org\drools\drools-util\9.44.0.Final\drools-util-9.44.0.Final.jar;C:\Users\LSIT175\.m2\repository\org\mvel\mvel2\2.5.0.Final\mvel2-2.5.0.Final.jar;C:\Users\LSIT175\.m2\repository\org\drools\drools-mvel\9.44.0.Final\drools-mvel-9.44.0.Final.jar;C:\Users\LSIT175\.m2\repository\org\drools\drools-wiring-dynamic\9.44.0.Final\drools-wiring-dynamic-9.44.0.Final.jar;"/>
    <property name="sun.cpu.endian" value="little"/>
    <property name="user.home" value="C:\Users\LSIT175"/>
    <property name="user.language" value="en"/>
    <property name="java.specification.vendor" value="Oracle Corporation"/>
    <property name="java.version.date" value="2023-01-17"/>
    <property name="java.home" value="C:\Users\LSIT175\Downloads\sts-4.18.0.RELEASE\plugins\org.eclipse.justj.openjdk.hotspot.jre.full.win32.x86_64_17.0.6.v20230204-1729\jre"/>
    <property name="file.separator" value="\"/>
    <property name="style.color" value="always"/>
    <property name="basedir" value="D:\wk5_drools\fund_off_demo"/>
    <property name="java.vm.compressedOopsMode" value="32-bit"/>
    <property name="line.separator" value="&#10;"/>
    <property name="java.vm.specification.vendor" value="Oracle Corporation"/>
    <property name="java.specification.name" value="Java Platform API Specification"/>
    <property name="FILE_LOG_CHARSET" value="windows-1252"/>
    <property name="java.awt.headless" value="true"/>
    <property name="surefire.real.class.path" value="C:\Users\LSIT175\AppData\Local\Temp\surefire14693598858599180381\surefirebooter-20240719122601385_3.jar"/>
    <property name="user.script" value=""/>
    <property name="sun.management.compiler" value="HotSpot 64-Bit Tiered Compilers"/>
    <property name="java.runtime.version" value="17.0.6+10"/>
    <property name="user.name" value="LSIT175"/>
    <property name="path.separator" value=";"/>
    <property name="os.version" value="10.0"/>
    <property name="java.runtime.name" value="OpenJDK Runtime Environment"/>
    <property name="file.encoding" value="Cp1252"/>
    <property name="java.vm.name" value="OpenJDK 64-Bit Server VM"/>
    <property name="java.vendor.version" value="Temurin-17.0.6+10"/>
    <property name="localRepository" value="C:\Users\LSIT175\.m2\repository"/>
    <property name="java.vendor.url.bug" value="https://github.com/adoptium/adoptium-support/issues"/>
    <property name="java.io.tmpdir" value="C:\Users\LSIT175\AppData\Local\Temp\"/>
    <property name="java.version" value="17.0.6"/>
    <property name="user.dir" value="D:\wk5_drools\fund_off_demo"/>
    <property name="os.arch" value="amd64"/>
    <property name="java.vm.specification.name" value="Java Virtual Machine Specification"/>
    <property name="PID" value="9944"/>
    <property name="sun.os.patch.level" value=""/>
    <property name="CONSOLE_LOG_CHARSET" value="windows-1252"/>
    <property name="native.encoding" value="Cp1252"/>
    <property name="java.library.path" value="C:\Users\LSIT175\Downloads\sts-4.18.0.RELEASE\plugins\org.eclipse.justj.openjdk.hotspot.jre.full.win32.x86_64_17.0.6.v20230204-1729\jre\bin;C:\Windows\Sun\Java\bin;C:\Windows\system32;C:\Windows;C:/Users/LSIT175/Downloads/sts-4.18.0.RELEASE//plugins/org.eclipse.justj.openjdk.hotspot.jre.full.win32.x86_64_17.0.6.v20230204-1729/jre/bin/server;C:/Users/LSIT175/Downloads/sts-4.18.0.RELEASE//plugins/org.eclipse.justj.openjdk.hotspot.jre.full.win32.x86_64_17.0.6.v20230204-1729/jre/bin;C:\Program Files\Common Files\Oracle\Java\javapath;C:\Program Files\Scripts\;C:\Program Files\;C:\Users\LSIT175\AppData\Roaming\Python\Python312\Scripts;C:\Users\LSIT175\AppData\Roaming\Python\Python312;&quot;;C:\Windows\system32;C:\Windows;C:\Windows\System32\Wbem;C:\Windows\System32\WindowsPowerShell\v1.0\;C:\Windows\System32\OpenSSH\;C:\Program Files\Git\cmd;C:\Program Files\Java\jdk-1.8\bin;C:\Program Files\apache-maven-3.9.8\bin&quot;;C:\Program Files\Docker\Docker\resources\bin;C:\Program Files\nodejs\;C:\Users\LSIT175\AppData\Roaming\npm\node_modules;C:\Program Files\apache-maven-3.9.8\bin;C:\Users\LSIT175\AppData\Local\Microsoft\WindowsApps;D:\Softwares\Microsoft VS Code\bin;C:\Users\LSIT175\AppData\Local\GitHubDesktop\bin;C:\Users\LSIT175\AppData\Local\Programs\Git\cmd;C:\Users\LSIT175\AppData\Roaming\npm;C:\Users\LSIT175\Downloads\sts-4.18.0.RELEASE;;."/>
    <property name="java.vm.info" value="mixed mode"/>
    <property name="java.vendor" value="Eclipse Adoptium"/>
    <property name="java.vm.version" value="17.0.6+10"/>
    <property name="sun.io.unicode.encoding" value="UnicodeLittle"/>
    <property name="java.class.version" value="61.0"/>
    <property name="LOGGED_APPLICATION_NAME" value="[fund_off_demo] "/>
  </properties>
  <testcase name="contextLoads" classname="com.fundoffice.demo.FundOffDemoApplicationTests" time="1.734">
    <system-out><![CDATA[12:26:03.759 [main] INFO org.springframework.test.context.support.AnnotationConfigContextLoaderUtils -- Could not detect default configuration classes for test class [com.fundoffice.demo.FundOffDemoApplicationTests]: FundOffDemoApplicationTests does not declare any static, non-private, non-final, nested classes annotated with @Configuration.
12:26:03.998 [main] INFO org.springframework.boot.test.context.SpringBootTestContextBootstrapper -- Found @SpringBootConfiguration com.fundoffice.FundOffDemoApplication for test class com.fundoffice.demo.FundOffDemoApplicationTests

  .   ____          _            __ _ _
 /\\ / ___'_ __ _ _(_)_ __  __ _ \ \ \ \
( ( )\___ | '_ | '_| | '_ \/ _` | \ \ \ \
 \\/  ___)| |_)| | | | | || (_| |  ) ) ) )
  '  |____| .__|_| |_|_| |_\__, | / / / /
 =========|_|==============|___/=/_/_/_/

 :: Spring Boot ::                (v3.3.1)

2024-07-19T12:26:04.748+05:30  INFO 9944 --- [fund_off_demo] [           main] c.f.demo.FundOffDemoApplicationTests     : Starting FundOffDemoApplicationTests using Java 17.0.6 with PID 9944 (started by LSIT175 in D:\wk5_drools\fund_off_demo)
2024-07-19T12:26:04.751+05:30  INFO 9944 --- [fund_off_demo] [           main] c.f.demo.FundOffDemoApplicationTests     : No active profile set, falling back to 1 default profile: "default"
.....RULES_ORDER_DISCOUNT_XLS..... 
ClassPathResource[path=rules/customer-rules.xlsx].....DroolsConfig: kieBuilder.getResults()..... 
2024-07-19T12:26:07.511+05:30  WARN 9944 --- [fund_off_demo] [           main] o.d.c.kie.builder.impl.KieProject        : No files found for KieBase defaultKieBase
Error Messages:
---
Warning Messages:
---
Info Messages:

[]
Error Messages:
---
Warning Messages:
---
Info Messages:

[]
org.default:artifact:1.0.0
[defaultKieBase]
org.drools.core.CompositeSessionConfiguration@67e0fd6d
2024-07-19T12:26:08.503+05:30  INFO 9944 --- [fund_off_demo] [           main] c.f.demo.FundOffDemoApplicationTests     : Started FundOffDemoApplicationTests in 4.233 seconds (process running for 6.751)
]]></system-out>
  </testcase>
</testsuite>